<?xml version="1.0" encoding="UTF-8"?>
<testng-results ignored="0" total="10" passed="9" failed="1" skipped="0">
  <reporter-output>
  </reporter-output>
  <suite started-at="2024-06-07T13:56:02 IST" name="Suite" finished-at="2024-06-07T14:04:03 IST" duration-ms="480380">
    <groups>
      <group name="Regression">
        <method signature="TC_01.checkDoctorDetials()[pri:2, instance:testCases.TC_01@1f59a598]" name="checkDoctorDetials" class="testCases.TC_01"/>
        <method signature="TC_02.printSurgeries()[pri:4, instance:testCases.TC_02@2e377400]" name="printSurgeries" class="testCases.TC_02"/>
        <method signature="TC_03.validateForm_Invalid_Detials()[pri:6, instance:testCases.TC_03@1757cd72]" name="validateForm_Invalid_Detials" class="testCases.TC_03"/>
        <method signature="TC_04.validateForm_Valid_Detials()[pri:8, instance:testCases.TC_04@445b295b]" name="validateForm_Valid_Detials" class="testCases.TC_04"/>
      </group> <!-- Regression -->
      <group name="smoke">
        <method signature="TC_01.checkUrl()[pri:1, instance:testCases.TC_01@1f59a598]" name="checkUrl" class="testCases.TC_01"/>
        <method signature="TC_01.checkLocations()[pri:0, instance:testCases.TC_01@1f59a598]" name="checkLocations" class="testCases.TC_01"/>
        <method signature="TC_01.checkSpecialist()[pri:0, instance:testCases.TC_01@1f59a598]" name="checkSpecialist" class="testCases.TC_01"/>
        <method signature="TC_02.checkSurgiersPageOpened()[pri:3, instance:testCases.TC_02@2e377400]" name="checkSurgiersPageOpened" class="testCases.TC_02"/>
        <method signature="TC_03.checkDemoPageOpened()[pri:5, instance:testCases.TC_03@1757cd72]" name="checkDemoPageOpened" class="testCases.TC_03"/>
        <method signature="TC_04.checkDemoPageOpened()[pri:7, instance:testCases.TC_04@445b295b]" name="checkDemoPageOpened" class="testCases.TC_04"/>
      </group> <!-- smoke -->
    </groups>
    <test started-at="2024-06-07T13:56:02 IST" name="Test" finished-at="2024-06-07T14:04:03 IST" duration-ms="480380">
      <class name="testCases.TC_02">
        <test-method is-config="true" signature="setup(java.lang.String)[pri:0, instance:testCases.TC_02@2e377400]" started-at="2024-06-07T14:00:13 IST" name="setup" finished-at="2024-06-07T14:00:47 IST" duration-ms="34585" status="PASS">
          <params>
            <param index="0">
              <value>
                <![CDATA[chrome]]>
              </value>
            </param>
          </params>
          <reporter-output>
          </reporter-output>
        </test-method> <!-- setup -->
        <test-method signature="checkSurgiersPageOpened()[pri:3, instance:testCases.TC_02@2e377400]" started-at="2024-06-07T14:00:47 IST" name="checkSurgiersPageOpened" finished-at="2024-06-07T14:00:59 IST" duration-ms="11888" status="PASS">
          <reporter-output>
          </reporter-output>
        </test-method> <!-- checkSurgiersPageOpened -->
        <test-method signature="printSurgeries()[pri:4, instance:testCases.TC_02@2e377400]" started-at="2024-06-07T14:00:59 IST" name="printSurgeries" finished-at="2024-06-07T14:01:00 IST" depends-on-methods="testCases.TC_02.checkSurgiersPageOpened" duration-ms="571" status="PASS">
          <reporter-output>
          </reporter-output>
        </test-method> <!-- printSurgeries -->
        <test-method is-config="true" signature="tearDown()[pri:0, instance:testCases.TC_02@2e377400]" started-at="2024-06-07T14:01:00 IST" name="tearDown" finished-at="2024-06-07T14:01:01 IST" duration-ms="1158" status="PASS">
          <reporter-output>
          </reporter-output>
        </test-method> <!-- tearDown -->
      </class> <!-- testCases.TC_02 -->
      <class name="testCases.TC_01">
        <test-method is-config="true" signature="setup(java.lang.String)[pri:0, instance:testCases.TC_01@1f59a598]" started-at="2024-06-07T13:56:03 IST" name="setup" finished-at="2024-06-07T13:56:39 IST" duration-ms="36271" status="PASS">
          <params>
            <param index="0">
              <value>
                <![CDATA[chrome]]>
              </value>
            </param>
          </params>
          <reporter-output>
          </reporter-output>
        </test-method> <!-- setup -->
        <test-method signature="checkUrl()[pri:1, instance:testCases.TC_01@1f59a598]" started-at="2024-06-07T13:56:39 IST" name="checkUrl" finished-at="2024-06-07T13:56:39 IST" duration-ms="234" status="PASS">
          <reporter-output>
          </reporter-output>
        </test-method> <!-- checkUrl -->
        <test-method signature="checkLocations()[pri:0, instance:testCases.TC_01@1f59a598]" started-at="2024-06-07T13:56:39 IST" name="checkLocations" finished-at="2024-06-07T13:57:15 IST" depends-on-methods="testCases.TC_01.checkUrl" duration-ms="35779" status="PASS">
          <reporter-output>
          </reporter-output>
        </test-method> <!-- checkLocations -->
        <test-method signature="checkSpecialist()[pri:0, instance:testCases.TC_01@1f59a598]" started-at="2024-06-07T13:57:15 IST" name="checkSpecialist" finished-at="2024-06-07T13:57:17 IST" depends-on-methods="testCases.TC_01.checkUrl" duration-ms="2195" status="PASS">
          <reporter-output>
          </reporter-output>
        </test-method> <!-- checkSpecialist -->
        <test-method signature="checkDoctorDetials()[pri:2, instance:testCases.TC_01@1f59a598]" started-at="2024-06-07T13:57:17 IST" name="checkDoctorDetials" finished-at="2024-06-07T14:00:11 IST" depends-on-methods="testCases.TC_01.checkLocations, testCases.TC_01.checkSpecialist" duration-ms="174259" status="PASS">
          <reporter-output>
          </reporter-output>
        </test-method> <!-- checkDoctorDetials -->
        <test-method is-config="true" signature="tearDown()[pri:0, instance:testCases.TC_01@1f59a598]" started-at="2024-06-07T14:00:11 IST" name="tearDown" finished-at="2024-06-07T14:00:13 IST" duration-ms="1122" status="PASS">
          <reporter-output>
          </reporter-output>
        </test-method> <!-- tearDown -->
      </class> <!-- testCases.TC_01 -->
      <class name="testCases.TC_04">
        <test-method is-config="true" signature="setup(java.lang.String)[pri:0, instance:testCases.TC_04@445b295b]" started-at="2024-06-07T14:02:12 IST" name="setup" finished-at="2024-06-07T14:02:46 IST" duration-ms="34408" status="PASS">
          <params>
            <param index="0">
              <value>
                <![CDATA[chrome]]>
              </value>
            </param>
          </params>
          <reporter-output>
          </reporter-output>
        </test-method> <!-- setup -->
        <test-method signature="checkDemoPageOpened()[pri:7, instance:testCases.TC_04@445b295b]" started-at="2024-06-07T14:02:46 IST" name="checkDemoPageOpened" finished-at="2024-06-07T14:03:21 IST" duration-ms="34696" status="PASS">
          <reporter-output>
          </reporter-output>
        </test-method> <!-- checkDemoPageOpened -->
        <test-method signature="validateForm_Valid_Detials()[pri:8, instance:testCases.TC_04@445b295b]" started-at="2024-06-07T14:03:21 IST" name="validateForm_Valid_Detials" finished-at="2024-06-07T14:04:02 IST" depends-on-methods="testCases.TC_04.checkDemoPageOpened" duration-ms="40738" status="FAIL">
          <exception class="org.openqa.selenium.NoSuchElementException">
            <message>
              <![CDATA[no such element: Unable to locate element: {"method":"xpath","selector":"/html/body/div[4]/div/div/div/div[1]"}
  (Session info: chrome=122.0.6261.58)
For documentation on this error, please visit: https://www.selenium.dev/documentation/webdriver/troubleshooting/errors#no-such-element-exception
Build info: version: '4.15.0', revision: '1d14b5521b'
System info: os.name: 'Windows 11', os.arch: 'amd64', os.version: '10.0', java.version: '17.0.2'
Driver info: org.openqa.selenium.chrome.ChromeDriver
Command: [a122bd1e95685f98b5955deb68a29de3, findElement {using=xpath, value=/html/body/div[4]/div/div/div/div[1]}]
Capabilities {acceptInsecureCerts: false, browserName: chrome, browserVersion: 122.0.6261.58, chrome: {chromedriverVersion: 122.0.6261.128 (f18a44fedeb..., userDataDir: C:\WINDOWS\SystemTemp\scope...}, fedcm:accounts: true, goog:chromeOptions: {debuggerAddress: localhost:62921}, networkConnectionEnabled: false, pageLoadStrategy: normal, platformName: windows, proxy: Proxy(), se:cdp: ws://localhost:62921/devtoo..., se:cdpVersion: 122.0.6261.58, setWindowRect: true, strictFileInteractability: false, timeouts: {implicit: 0, pageLoad: 300000, script: 30000}, unhandledPromptBehavior: dismiss and notify, webauthn:extension:credBlob: true, webauthn:extension:largeBlob: true, webauthn:extension:minPinLength: true, webauthn:extension:prf: true, webauthn:virtualAuthenticators: true}
Session ID: a122bd1e95685f98b5955deb68a29de3]]>
            </message>
            <full-stacktrace>
              <![CDATA[org.openqa.selenium.NoSuchElementException: no such element: Unable to locate element: {"method":"xpath","selector":"/html/body/div[4]/div/div/div/div[1]"}
  (Session info: chrome=122.0.6261.58)
For documentation on this error, please visit: https://www.selenium.dev/documentation/webdriver/troubleshooting/errors#no-such-element-exception
Build info: version: '4.15.0', revision: '1d14b5521b'
System info: os.name: 'Windows 11', os.arch: 'amd64', os.version: '10.0', java.version: '17.0.2'
Driver info: org.openqa.selenium.chrome.ChromeDriver
Command: [a122bd1e95685f98b5955deb68a29de3, findElement {using=xpath, value=/html/body/div[4]/div/div/div/div[1]}]
Capabilities {acceptInsecureCerts: false, browserName: chrome, browserVersion: 122.0.6261.58, chrome: {chromedriverVersion: 122.0.6261.128 (f18a44fedeb..., userDataDir: C:\WINDOWS\SystemTemp\scope...}, fedcm:accounts: true, goog:chromeOptions: {debuggerAddress: localhost:62921}, networkConnectionEnabled: false, pageLoadStrategy: normal, platformName: windows, proxy: Proxy(), se:cdp: ws://localhost:62921/devtoo..., se:cdpVersion: 122.0.6261.58, setWindowRect: true, strictFileInteractability: false, timeouts: {implicit: 0, pageLoad: 300000, script: 30000}, unhandledPromptBehavior: dismiss and notify, webauthn:extension:credBlob: true, webauthn:extension:largeBlob: true, webauthn:extension:minPinLength: true, webauthn:extension:prf: true, webauthn:virtualAuthenticators: true}
Session ID: a122bd1e95685f98b5955deb68a29de3
at java.base/jdk.internal.reflect.NativeConstructorAccessorImpl.newInstance0(Native Method)
at java.base/jdk.internal.reflect.NativeConstructorAccessorImpl.newInstance(NativeConstructorAccessorImpl.java:77)
at java.base/jdk.internal.reflect.DelegatingConstructorAccessorImpl.newInstance(DelegatingConstructorAccessorImpl.java:45)
at java.base/java.lang.reflect.Constructor.newInstanceWithCaller(Constructor.java:499)
at java.base/java.lang.reflect.Constructor.newInstance(Constructor.java:480)
at org.openqa.selenium.remote.codec.w3c.W3CHttpResponseCodec.createException(W3CHttpResponseCodec.java:200)
at org.openqa.selenium.remote.codec.w3c.W3CHttpResponseCodec.decode(W3CHttpResponseCodec.java:133)
at org.openqa.selenium.remote.codec.w3c.W3CHttpResponseCodec.decode(W3CHttpResponseCodec.java:52)
at org.openqa.selenium.remote.HttpCommandExecutor.execute(HttpCommandExecutor.java:191)
at org.openqa.selenium.remote.service.DriverCommandExecutor.invokeExecute(DriverCommandExecutor.java:200)
at org.openqa.selenium.remote.service.DriverCommandExecutor.execute(DriverCommandExecutor.java:175)
at org.openqa.selenium.remote.RemoteWebDriver.execute(RemoteWebDriver.java:607)
at org.openqa.selenium.remote.ElementLocation$ElementFinder$2.findElement(ElementLocation.java:165)
at org.openqa.selenium.remote.ElementLocation.findElement(ElementLocation.java:59)
at org.openqa.selenium.remote.RemoteWebDriver.findElement(RemoteWebDriver.java:364)
at org.openqa.selenium.remote.RemoteWebDriver.findElement(RemoteWebDriver.java:358)
at org.openqa.selenium.support.pagefactory.DefaultElementLocator.findElement(DefaultElementLocator.java:68)
at org.openqa.selenium.support.pagefactory.internal.LocatingElementHandler.invoke(LocatingElementHandler.java:38)
at jdk.proxy2/jdk.proxy2.$Proxy30.getText(Unknown Source)
at PageObjects.healthWillnessForm.getMsg(healthWillnessForm.java:86)
at testCases.TC_04.validateForm_Valid_Detials(TC_04.java:43)
at java.base/jdk.internal.reflect.NativeMethodAccessorImpl.invoke0(Native Method)
at java.base/jdk.internal.reflect.NativeMethodAccessorImpl.invoke(NativeMethodAccessorImpl.java:77)
at java.base/jdk.internal.reflect.DelegatingMethodAccessorImpl.invoke(DelegatingMethodAccessorImpl.java:43)
at java.base/java.lang.reflect.Method.invoke(Method.java:568)
at org.testng.internal.invokers.MethodInvocationHelper.invokeMethod(MethodInvocationHelper.java:141)
at org.testng.internal.invokers.TestInvoker.invokeMethod(TestInvoker.java:686)
at org.testng.internal.invokers.TestInvoker.invokeTestMethod(TestInvoker.java:230)
at org.testng.internal.invokers.MethodRunner.runInSequence(MethodRunner.java:63)
at org.testng.internal.invokers.TestInvoker$MethodInvocationAgent.invoke(TestInvoker.java:992)
at org.testng.internal.invokers.TestInvoker.invokeTestMethods(TestInvoker.java:203)
at org.testng.internal.invokers.TestMethodWorker.invokeTestMethods(TestMethodWorker.java:154)
at org.testng.internal.invokers.TestMethodWorker.run(TestMethodWorker.java:134)
at java.base/java.util.ArrayList.forEach(ArrayList.java:1511)
at org.testng.TestRunner.privateRun(TestRunner.java:739)
at org.testng.TestRunner.run(TestRunner.java:614)
at org.testng.SuiteRunner.runTest(SuiteRunner.java:421)
at org.testng.SuiteRunner.runSequentially(SuiteRunner.java:413)
at org.testng.SuiteRunner.privateRun(SuiteRunner.java:373)
at org.testng.SuiteRunner.run(SuiteRunner.java:312)
at org.testng.SuiteRunnerWorker.runSuite(SuiteRunnerWorker.java:52)
at org.testng.SuiteRunnerWorker.run(SuiteRunnerWorker.java:95)
at org.testng.TestNG.runSuitesSequentially(TestNG.java:1274)
at org.testng.TestNG.runSuitesLocally(TestNG.java:1208)
at org.testng.TestNG.runSuites(TestNG.java:1112)
at org.testng.TestNG.run(TestNG.java:1079)
at org.testng.remote.AbstractRemoteTestNG.run(AbstractRemoteTestNG.java:115)
at org.testng.remote.RemoteTestNG.initAndRun(RemoteTestNG.java:293)
at org.testng.remote.RemoteTestNG.main(RemoteTestNG.java:91)
]]>
            </full-stacktrace>
          </exception> <!-- org.openqa.selenium.NoSuchElementException -->
          <reporter-output>
          </reporter-output>
        </test-method> <!-- validateForm_Valid_Detials -->
        <test-method is-config="true" signature="tearDown()[pri:0, instance:testCases.TC_04@445b295b]" started-at="2024-06-07T14:04:02 IST" name="tearDown" finished-at="2024-06-07T14:04:03 IST" duration-ms="1107" status="PASS">
          <reporter-output>
          </reporter-output>
        </test-method> <!-- tearDown -->
      </class> <!-- testCases.TC_04 -->
      <class name="testCases.TC_03">
        <test-method is-config="true" signature="setup(java.lang.String)[pri:0, instance:testCases.TC_03@1757cd72]" started-at="2024-06-07T14:01:01 IST" name="setup" finished-at="2024-06-07T14:01:35 IST" duration-ms="34575" status="PASS">
          <params>
            <param index="0">
              <value>
                <![CDATA[chrome]]>
              </value>
            </param>
          </params>
          <reporter-output>
          </reporter-output>
        </test-method> <!-- setup -->
        <test-method signature="checkDemoPageOpened()[pri:5, instance:testCases.TC_03@1757cd72]" started-at="2024-06-07T14:01:35 IST" name="checkDemoPageOpened" finished-at="2024-06-07T14:02:10 IST" duration-ms="34508" status="PASS">
          <reporter-output>
          </reporter-output>
        </test-method> <!-- checkDemoPageOpened -->
        <test-method signature="validateForm_Invalid_Detials()[pri:6, instance:testCases.TC_03@1757cd72]" started-at="2024-06-07T14:02:10 IST" name="validateForm_Invalid_Detials" finished-at="2024-06-07T14:02:11 IST" depends-on-methods="testCases.TC_03.checkDemoPageOpened" duration-ms="806" status="PASS">
          <reporter-output>
          </reporter-output>
        </test-method> <!-- validateForm_Invalid_Detials -->
        <test-method is-config="true" signature="tearDown()[pri:0, instance:testCases.TC_03@1757cd72]" started-at="2024-06-07T14:02:11 IST" name="tearDown" finished-at="2024-06-07T14:02:12 IST" duration-ms="1120" status="PASS">
          <reporter-output>
          </reporter-output>
        </test-method> <!-- tearDown -->
      </class> <!-- testCases.TC_03 -->
    </test> <!-- Test -->
  </suite> <!-- Suite -->
</testng-results>
